2012/12/17 01:47:28 [error] [exception.CHttpException.404] exception 'CHttpException' with message 'Unable to resolve the request "gii/page".' in /var/www/yii-frame/framework/web/CWebApplication.php:332
Stack trace:
#0 /var/www/yii-frame/framework/web/CWebApplication.php(121): CWebApplication->runController('gii/page')
#1 /var/www/yii-frame/framework/base/CApplication.php(155): CWebApplication->processRequest()
#2 /var/www/Yii/personal/index.php(13): CApplication->run()
#3 {main} REQUEST_URI=/Yii/personal/index.php?r=gii/page&view=about
2012/12/17 02:21:13 [error] [exception.CException] exception 'CException' with message 'Property "Ciudad.nombre" is not defined.' in /var/www/yii-frame/framework/base/CComponent.php:131
Stack trace:
#0 /var/www/yii-frame/framework/db/ar/CActiveRecord.php(128): CComponent->__get('nombre')
#1 /var/www/Yii/personal/protected/views/usuario/_view.php(28): CActiveRecord->__get('nombre')
#2 /var/www/yii-frame/framework/web/CBaseController.php(119): require('/var/www/Yii/pe...')
#3 /var/www/yii-frame/framework/web/CBaseController.php(88): CBaseController->renderInternal('/var/www/Yii/pe...', Array, true)
#4 /var/www/yii-frame/framework/web/CController.php(866): CBaseController->renderFile('/var/www/Yii/pe...', Array, true)
#5 /var/www/yii-frame/framework/zii/widgets/CListView.php(234): CController->renderPartial('_view', Array)
#6 /var/www/yii-frame/framework/zii/widgets/CBaseListView.php(158): CListView->renderItems()
#7 [internal function]: CBaseListView->renderSection(Array)
#8 /var/www/yii-frame/framework/zii/widgets/CBaseListView.php(141): preg_replace_callback('/{(\w+)}/', Array, '{summary}?{sort...')
#9 /var/www/yii-frame/framework/zii/widgets/CBaseListView.php(126): CBaseListView->renderContent()
#10 /var/www/yii-frame/framework/web/CBaseController.php(166): CBaseListView->run()
#11 /var/www/Yii/personal/protected/views/usuario/index.php(17): CBaseController->widget('zii.widgets.CLi...', Array)
#12 /var/www/yii-frame/framework/web/CBaseController.php(119): require('/var/www/Yii/pe...')
#13 /var/www/yii-frame/framework/web/CBaseController.php(88): CBaseController->renderInternal('/var/www/Yii/pe...', Array, true)
#14 /var/www/yii-frame/framework/web/CController.php(866): CBaseController->renderFile('/var/www/Yii/pe...', Array, true)
#15 /var/www/yii-frame/framework/web/CController.php(779): CController->renderPartial('index', Array, true)
#16 /var/www/Yii/personal/protected/controllers/UsuarioController.php(133): CController->render('index', Array)
#17 /var/www/yii-frame/framework/web/actions/CInlineAction.php(50): UsuarioController->actionIndex()
#18 /var/www/yii-frame/framework/web/CController.php(300): CInlineAction->runWithParams(Array)
#19 /var/www/yii-frame/framework/web/filters/CFilterChain.php(133): CController->runAction(Object(CInlineAction))
#20 /var/www/yii-frame/framework/web/filters/CFilter.php(41): CFilterChain->run()
#21 /var/www/yii-frame/framework/web/CController.php(1122): CFilter->filter(Object(CFilterChain))
#22 /var/www/yii-frame/framework/web/filters/CInlineFilter.php(59): CController->filterAccessControl(Object(CFilterChain))
#23 /var/www/yii-frame/framework/web/filters/CFilterChain.php(130): CInlineFilter->filter(Object(CFilterChain))
#24 /var/www/yii-frame/framework/web/CController.php(283): CFilterChain->run()
#25 /var/www/yii-frame/framework/web/CController.php(257): CController->runActionWithFilters(Object(CInlineAction), Array)
#26 /var/www/yii-frame/framework/web/CWebApplication.php(328): CController->run('index')
#27 /var/www/yii-frame/framework/web/CWebApplication.php(121): CWebApplication->runController('usuario/index')
#28 /var/www/yii-frame/framework/base/CApplication.php(155): CWebApplication->processRequest()
#29 /var/www/Yii/personal/index.php(13): CApplication->run()
#30 {main} REQUEST_URI=/Yii/personal/index.php?r=usuario/index
